"./a3.tar.gz" copied successfully.

In total, 1 files were copied successfully.

Currently submitted files of j327liu (assignment 3-milestone):

       Size     Time     Name
-----------+------------+-----------
      79014 Mar 15 22:48 a3.tar.gz

total files: 1


Please check this against what you wanted to submit.

**********************************************************************
NOTE: You are responsible for submitting correctly and on time
      You can check what you submitted with the -l option
      If you have ANY doubts, please contact tutor BEFORE the due-date
**********************************************************************
ubuntu1604-006:~/cs454/a3-submit
$ submit -l cs454 3-milestone

Currently submitted files of j327liu (assignment 3-milestone):

       Size     Time     Name
-----------+------------+-----------
      79014 Mar 15 22:48 a3.tar.gz

total files: 1
